1483095767043	geckodriver	INFO	Listening on 127.0.0.1:49923
1483095769044	mozprofile::profile	INFO	Using profile path C:\Users\zippy\AppData\Local\Temp\rust_mozprofile.xYTe1TRAxMcs
1483095769050	geckodriver::marionette	INFO	Starting browser C:\Program Files (x86)\Mozilla Firefox\firefox.exe
1483095769062	geckodriver::marionette	INFO	Connecting to Marionette on localhost:49929
1483095769713	Marionette	INFO	Listening on port 49929
1483095770702	Marionette	INFO	startBrowser e9d41d38-0c56-4234-9663-0e46e2b8851e
1483095830726	addons.productaddons	WARN	Failed downloading XML, status: 0, reason: error
1483095880291	geckodriver	INFO	Listening on 127.0.0.1:49946
1483095882299	mozprofile::profile	INFO	Using profile path C:\Users\zippy\AppData\Local\Temp\rust_mozprofile.ziKIHOrgycMo
1483095882312	geckodriver::marionette	INFO	Starting browser C:\Program Files (x86)\Mozilla Firefox\firefox.exe
1483095882325	geckodriver::marionette	INFO	Connecting to Marionette on localhost:49952
1483095882912	Marionette	INFO	Listening on port 49952
[Child 4964] WARNING: pipe error: 109: file c:/builds/moz2_slave/m-rel-w32-00000000000000000000/build/src/ipc/chromium/src/chrome/common/ipc_channel_win.cc, line 346
[Child 4964] WARNING: pipe error: 109: file c:/builds/moz2_slave/m-rel-w32-00000000000000000000/build/src/ipc/chromium/src/chrome/common/ipc_channel_win.cc, line 346
1483095884011	Marionette	INFO	startBrowser 2631d873-03a4-493a-938e-072039cff4ba
1483095944033	addons.productaddons	WARN	Failed downloading XML, status: 0, reason: error
[Child 7564] WARNING: pipe error: 109: file c:/builds/moz2_slave/m-rel-w32-00000000000000000000/build/src/ipc/chromium/src/chrome/common/ipc_channel_win.cc, line 346
[Child 7564] WARNING: pipe error: 109: file c:/builds/moz2_slave/m-rel-w32-00000000000000000000/build/src/ipc/chromium/src/chrome/common/ipc_channel_win.cc, line 346
1483097970861	geckodriver	INFO	Listening on 127.0.0.1:49688
1483097972876	mozprofile::profile	INFO	Using profile path C:\Users\zippy\AppData\Local\Temp\rust_mozprofile.lfaqrIik6Lbr
1483097972892	geckodriver::marionette	INFO	Starting browser C:\Program Files (x86)\Mozilla Firefox\firefox.exe
1483097972923	geckodriver::marionette	INFO	Connecting to Marionette on localhost:49694
1483097973859	Marionette	INFO	Listening on port 49694
1483097975131	Marionette	INFO	startBrowser 13ec7620-6ce9-4083-b52e-d02719adc075
1483098035162	addons.productaddons	WARN	Failed downloading XML, status: 0, reason: error
[Child 6500] WARNING: pipe error: 109: file c:/builds/moz2_slave/m-rel-w32-00000000000000000000/build/src/ipc/chromium/src/chrome/common/ipc_channel_win.cc, line 346
[Child 6500] WARNING: pipe error: 109: file c:/builds/moz2_slave/m-rel-w32-00000000000000000000/build/src/ipc/chromium/src/chrome/common/ipc_channel_win.cc, line 346
1483098780415	geckodriver	INFO	Listening on 127.0.0.1:49727
1483098782426	mozprofile::profile	INFO	Using profile path C:\Users\zippy\AppData\Local\Temp\rust_mozprofile.2xwWaDDQj6U4
1483098782440	geckodriver::marionette	INFO	Starting browser C:\Program Files (x86)\Mozilla Firefox\firefox.exe
1483098782456	geckodriver::marionette	INFO	Connecting to Marionette on localhost:49733
1483098783097	Marionette	INFO	Listening on port 49733
1483098784146	Marionette	INFO	startBrowser 60e91ddc-3fad-49a9-aad2-42779b3b1a74
[Child 1160] WARNING: pipe error: 109: file c:/builds/moz2_slave/m-rel-w32-00000000000000000000/build/src/ipc/chromium/src/chrome/common/ipc_channel_win.cc, line 346
[Child 6892] WARNING: pipe error: 109: file c:/builds/moz2_slave/m-rel-w32-00000000000000000000/build/src/ipc/chromium/src/chrome/common/ipc_channel_win.cc, line 346
[Child 6892] WARNING: pipe error: 109: file c:/builds/moz2_slave/m-rel-w32-00000000000000000000/build/src/ipc/chromium/src/chrome/common/ipc_channel_win.cc, line 346
1483099078476	geckodriver	INFO	Listening on 127.0.0.1:49750
1483099080472	mozprofile::profile	INFO	Using profile path C:\Users\zippy\AppData\Local\Temp\rust_mozprofile.UMyrl0MT3yIQ
1483099080477	geckodriver::marionette	INFO	Starting browser C:\Program Files (x86)\Mozilla Firefox\firefox.exe
1483099080484	geckodriver::marionette	INFO	Connecting to Marionette on localhost:49756
1483099081095	Marionette	INFO	Listening on port 49756
1483099082183	Marionette	INFO	startBrowser 71d85cb7-303a-45db-aa83-a1f1a6d14754
1483099142206	addons.productaddons	WARN	Failed downloading XML, status: 0, reason: error
ile	INFO	Using profile path C:\Users\zippy\AppData\Local\Temp\rust_mozprofile.hOhxAoBL84Ln
1483099084363	geckodriver::marionette	INFO	Starting browser C:\Program Files (x86)\Mozilla Firefox\firefox.exe
1483099084371	geckodriver::marionette	INFO	Connecting to Marionette on localhost:49769
1483099084998	Marionette	INFO	Listening on port 49769
[Child 6660] WARNING: pipe error: 109: file c:/builds/moz2_slave/m-rel-w32-00000000000000000000/build/src/ipc/chromium/src/chrome/common/ipc_channel_win.cc, line 346
[Child 6660] WARNING: pipe error: 109: file c:/builds/moz2_slave/m-rel-w32-00000000000000000000/build/src/ipc/chromium/src/chrome/common/ipc_channel_win.cc, line 346
1483099086023	Marionette	INFO	startBrowser c9340611-b847-4bf4-9f24-954b3d209561
1483099136633	geckodriver	INFO	Listening on 127.0.0.1:49789
1483099138632	mozprofile::profile	INFO	Using profile path C:\Users\zippy\AppData\Local\Temp\rust_mozprofile.LUETkTfHKg5t
1483099138638	geckodriver::marionette	INFO	Starting browser C:\Program Files (x86)\Mozilla Firefox\firefox.exe
1483099138645	geckodriver::marionette	INFO	Connecting to Marionette on localhost:49795
1483099139243	Marionette	INFO	Listening on port 49795
[Child 6920] WARNING: pipe error: 109: file c:/builds/moz2_slave/m-rel-w32-00000000000000000000/build/src/ipc/chromium/src/chrome/common/ipc_channel_win.cc, line 346
[Child 6920] WARNING: pipe error: 109: file c:/builds/moz2_slave/m-rel-w32-00000000000000000000/build/src/ipc/chromium/src/chrome/common/ipc_channel_win.cc, line 346
1483099140292	Marionette	INFO	startBrowser c75d3f09-8ba6-4bd3-8ad2-61d0f79f6e6d
[Child 5540] ###!!! ABORT: Aborting on channel error.: file c:/builds/moz2_slave/m-rel-w32-00000000000000000000/build/src/ipc/glue/MessageChannel.cpp, line 2052
1483099308786	geckodriver	INFO	Listening on 127.0.0.1:49813
1483099310796	mozprofile::profile	INFO	Using profile path C:\Users\zippy\AppData\Local\Temp\rust_mozprofile.d63Xn60iATQF
1483099310810	geckodriver::marionette	INFO	Starting browser C:\Program Files (x86)\Mozilla Firefox\firefox.exe
1483099310828	geckodriver::marionette	INFO	Connecting to Marionette on localhost:49819
1483099311477	Marionette	INFO	Listening on port 49819
1483099312537	Marionette	INFO	startBrowser fbacd460-574f-4b34-8d43-cbbffbedfb82
[Child 988] ###!!! ABORT: Aborting on channel error.: file c:/builds/moz2_slave/m-rel-w32-00000000000000000000/build/src/ipc/glue/MessageChannel.cpp, line 2052
1484378624263	geckodriver	INFO	Listening on 127.0.0.1:49681
1484378626279	mozprofile::profile	INFO	Using profile path C:\Users\zippy\AppData\Local\Temp\rust_mozprofile.Dei7dJwvWkwa
1484378626291	geckodriver::marionette	INFO	Starting browser C:\Program Files (x86)\Mozilla Firefox\firefox.exe
1484378626323	geckodriver::marionette	INFO	Connecting to Marionette on localhost:49687
1484378627499	Marionette	INFO	Listening on port 49687
[Child 6916] WARNING: pipe error: 109: file c:/builds/moz2_slave/m-rel-w32-00000000000000000000/build/src/ipc/chromium/src/chrome/common/ipc_channel_win.cc, line 346
[Child 6916] WARNING: pipe error: 109: file c:/builds/moz2_slave/m-rel-w32-00000000000000000000/build/src/ipc/chromium/src/chrome/common/ipc_channel_win.cc, line 346
1484378628904	Marionette	INFO	startBrowser b9b49471-0fbf-4d65-958d-2af23adb6730
[Child 5952] ###!!! ABORT: Aborting on channel error.: file c:/builds/moz2_slave/m-rel-w32-00000000000000000000/build/src/ipc/glue/MessageChannel.cpp, line 2052
1484379482334	geckodriver	INFO	Listening on 127.0.0.1:49713
1484379484346	mozprofile::profile	INFO	Using profile path C:\Users\zippy\AppData\Local\Temp\rust_mozprofile.qSuHlpjCOKiT
1484379484358	geckodriver::marionette	INFO	Starting browser C:\Program Files (x86)\Mozilla Firefox\firefox.exe
1484379484378	geckodriver::marionette	INFO	Connecting to Marionette on localhost:49719
1484379485021	Marionette	INFO	Listening on port 49719
1484379486106	Marionette	INFO	startBrowser dedccea5-51a0-41fa-addc-8d05b7d58f41
[Child 6368] ###!!! ABORT: Aborting on channel error.: file c:/builds/moz2_slave/m-rel-w32-00000000000000000000/build/src/ipc/glue/MessageChannel.cpp, line 2052
1484380447538	geckodriver	INFO	Listening on 127.0.0.1:49737
1484380449548	mozprofile::profile	INFO	Using profile path C:\Users\zippy\AppData\Local\Temp\rust_mozprofile.LIa19N7oygUL
1484380449564	geckodriver::marionette	INFO	Starting browser C:\Program Files (x86)\Mozilla Firefox\firefox.exe
1484380449576	geckodriver::marionette	INFO	Connecting to Marionette on localhost:49743
1484380450214	Marionette	INFO	Listening on port 49743
[Child 6672] WARNING: pipe error: 109: file c:/builds/moz2_slave/m-rel-w32-00000000000000000000/build/src/ipc/chromium/src/chrome/common/ipc_channel_win.cc, line 346
[Child 6672] WARNING: pipe error: 109: file c:/builds/moz2_slave/m-rel-w32-00000000000000000000/build/src/ipc/chromium/src/chrome/common/ipc_channel_win.cc, line 346
1484380451348	Marionette	INFO	startBrowser e75b97ce-9ccb-49ee-86f8-2443e5063ee4

###!!! [Child][MessageChannel] Error: (msgtype=0x400003,name=PCompositable::Msg_Destroy) Channel error: cannot send/recv


###!!! [Child][MessageChannel] Error: (msgtype=0x400003,name=PCompositable::Msg_Destroy) Channel error: cannot send/recv

[GFX1-]: Receive IPC close with reason=AbnormalShutdown
[Child 6428] ###!!! ABORT: Aborting on channel error.: file c:/builds/moz2_slave/m-rel-w32-00000000000000000000/build/src/ipc/glue/MessageChannel.cpp, line 2052
1484381337329	geckodriver	INFO	Listening on 127.0.0.1:49794
1484381339333	mozprofile::profile	INFO	Using profile path C:\Users\zippy\AppData\Local\Temp\rust_mozprofile.P1bHlFzI0dtP
1484381339349	geckodriver::marionette	INFO	Starting browser C:\Program Files (x86)\Mozilla Firefox\firefox.exe
1484381339365	geckodriver::marionette	INFO	Connecting to Marionette on localhost:49800
1484381340001	Marionette	INFO	Listening on port 49800
1484381341167	Marionette	INFO	startBrowser e08c0999-498e-4cf9-8e69-4739301acb77

###!!! [Child][MessageChannel] Error: (msgtype=0x400003,name=PCompositable::Msg_Destroy) Channel error: cannot send/recv


###!!! [Child][MessageChannel] Error: (msgtype=0x400003,name=PCompositable::Msg_Destroy) Channel error: cannot send/recv

[GFX1-]: Receive IPC close with reason=AbnormalShutdown
[Child 2316] ###!!! ABORT: Aborting on channel error.: file c:/builds/moz2_slave/m-rel-w32-00000000000000000000/build/src/ipc/glue/MessageChannel.cpp, line 2052
1484381726589	geckodriver	INFO	Listening on 127.0.0.1:49822
1484381728597	mozprofile::profile	INFO	Using profile path C:\Users\zippy\AppData\Local\Temp\rust_mozprofile.qGgE1pJiCCUx
1484381728609	geckodriver::marionette	INFO	Starting browser C:\Program Files (x86)\Mozilla Firefox\firefox.exe
1484381728625	geckodriver::marionette	INFO	Connecting to Marionette on localhost:49828
1484381729267	Marionette	INFO	Listening on port 49828
1484381730360	Marionette	INFO	startBrowser 3c6adb3d-0f2c-4409-bc8e-fd84257f328b

###!!! [Child][MessageChannel] Error: (msgtype=0x400003,name=PCompositable::Msg_Destroy) Channel error: cannot send/recv


###!!! [Child][MessageChannel] Error: (msgtype=0xFA0005,name=PTexture::Msg_Destroy) Channel error: cannot send/recv


###!!! [Child][MessageChannel] Error: (msgtype=0x400003,name=PCompositable::Msg_Destroy) Channel error: cannot send/recv

[GFX1-]: Receive IPC close with reason=AbnormalShutdown
[Child 4244] ###!!! ABORT: Aborting on channel error.: file c:/builds/moz2_slave/m-rel-w32-00000000000000000000/build/src/ipc/glue/MessageChannel.cpp, line 2052
1484381807887	geckodriver	INFO	Listening on 127.0.0.1:49851
1484381809893	mozprofile::profile	INFO	Using profile path C:\Users\zippy\AppData\Local\Temp\rust_mozprofile.PVGhvjLRxbVx
1484381809905	geckodriver::marionette	INFO	Starting browser C:\Program Files (x86)\Mozilla Firefox\firefox.exe
1484381809921	geckodriver::marionette	INFO	Connecting to Marionette on localhost:49857
1484381810787	Marionette	INFO	Listening on port 49857
[Child 5948] WARNING: pipe error: 109: file c:/builds/moz2_slave/m-rel-w32-00000000000000000000/build/src/ipc/chromium/src/chrome/common/ipc_channel_win.cc, line 346
1484381812211	Marionette	INFO	startBrowser eeb58ea5-cb54-44bb-ad2b-e7ecc763630e

###!!! [Child][MessageChannel] Error: (msgtype=0x400003,name=PCompositable::Msg_Destroy) Channel error: cannot send/recv


###!!! [Child][MessageChannel] Error: (msgtype=0xFA0005,name=PTexture::Msg_Destroy) Channel error: cannot send/recv


###!!! [Child][MessageChannel] Error: (msgtype=0x400003,name=PCompositable::Msg_Destroy) Channel error: cannot send/recv

[GFX1-]: Receive IPC close with reason=AbnormalShutdown
[Child 6952] ###!!! ABORT: Aborting on channel error.: file c:/builds/moz2_slave/m-rel-w32-00000000000000000000/build/src/ipc/glue/MessageChannel.cpp, line 2052
1484381846488	geckodriver	INFO	Listening on 127.0.0.1:49879
1484381848492	mozprofile::profile	INFO	Using profile path C:\Users\zippy\AppData\Local\Temp\rust_mozprofile.o8JDN1RUQ8vK
1484381848504	geckodriver::marionette	INFO	Starting browser C:\Program Files (x86)\Mozilla Firefox\firefox.exe
1484381848520	geckodriver::marionette	INFO	Connecting to Marionette on localhost:49885
1484381849189	Marionette	INFO	Listening on port 49885
[Child 3268] WARNING: pipe error: 109: file c:/builds/moz2_slave/m-rel-w32-00000000000000000000/build/src/ipc/chromium/src/chrome/common/ipc_channel_win.cc, line 346
1484381850438	Marionette	INFO	startBrowser 4e316604-37b4-4dd4-8fdc-2a5ebf5d6fde
[Child 3980] ###!!! ABORT: Aborting on channel error.: file c:/builds/moz2_slave/m-rel-w32-00000000000000000000/build/src/ipc/glue/MessageChannel.cpp, line 2052
1484381910251	geckodriver	INFO	Listening on 127.0.0.1:49908
1484381912255	mozprofile::profile	INFO	Using profile path C:\Users\zippy\AppData\Local\Temp\rust_mozprofile.VQw7GMaknyEQ
1484381912267	geckodriver::marionette	INFO	Starting browser C:\Program Files (x86)\Mozilla Firefox\firefox.exe
1484381912283	geckodriver::marionette	INFO	Connecting to Marionette on localhost:49914
1484381913160	Marionette	INFO	Listening on port 49914
[Child 7068] WARNING: pipe error: 109: file c:/builds/moz2_slave/m-rel-w32-00000000000000000000/build/src/ipc/chromium/src/chrome/common/ipc_channel_win.cc, line 346
[Child 7068] WARNING: pipe error: 109: file c:/builds/moz2_slave/m-rel-w32-00000000000000000000/build/src/ipc/chromium/src/chrome/common/ipc_channel_win.cc, line 346
1484381914322	Marionette	INFO	startBrowser f8784022-98bb-4e59-8f57-e0bd69ebe971
[Child 484] ###!!! ABORT: Aborting on channel error.: file c:/builds/moz2_slave/m-rel-w32-00000000000000000000/build/src/ipc/glue/MessageChannel.cpp, line 2052
1484381954831	geckodriver	INFO	Listening on 127.0.0.1:49942
1484381956835	mozprofile::profile	INFO	Using profile path C:\Users\zippy\AppData\Local\Temp\rust_mozprofile.Zem2jN0PRpzQ
1484381956847	geckodriver::marionette	INFO	Starting browser C:\Program Files (x86)\Mozilla Firefox\firefox.exe
1484381956863	geckodriver::marionette	INFO	Connecting to Marionette on localhost:49948
1484381957456	Marionette	INFO	Listening on port 49948
[Child 5636] WARNING: pipe error: 109: file c:/builds/moz2_slave/m-rel-w32-00000000000000000000/build/src/ipc/chromium/src/chrome/common/ipc_channel_win.cc, line 346
[Child 5636] WARNING: pipe error: 109: file c:/builds/moz2_slave/m-rel-w32-00000000000000000000/build/src/ipc/chromium/src/chrome/common/ipc_channel_win.cc, line 346
1484381958630	Marionette	INFO	startBrowser 14cd9d63-d408-4c09-88de-a578dd6f1b52
[Child 5628] ###!!! ABORT: Aborting on channel error.: file c:/builds/moz2_slave/m-rel-w32-00000000000000000000/build/src/ipc/glue/MessageChannel.cpp, line 2052
1484381987814	geckodriver	INFO	Listening on 127.0.0.1:49976
1484381989818	mozprofile::profile	INFO	Using profile path C:\Users\zippy\AppData\Local\Temp\rust_mozprofile.EyDFZRVee9Xd
1484381989838	geckodriver::marionette	INFO	Starting browser C:\Program Files (x86)\Mozilla Firefox\firefox.exe
1484381989854	geckodriver::marionette	INFO	Connecting to Marionette on localhost:49982
1484381990475	Marionette	INFO	Listening on port 49982
[Child 6264] WARNING: pipe error: 109: file c:/builds/moz2_slave/m-rel-w32-00000000000000000000/build/src/ipc/chromium/src/chrome/common/ipc_channel_win.cc, line 346
[Child 6264] WARNING: pipe error: 109: file c:/builds/moz2_slave/m-rel-w32-00000000000000000000/build/src/ipc/chromium/src/chrome/common/ipc_channel_win.cc, line 346
1484381991605	Marionette	INFO	startBrowser e6f24cc5-9924-4955-8cbf-09dca9ae89b6
[Child 5668] ###!!! ABORT: Aborting on channel error.: file c:/builds/moz2_slave/m-rel-w32-00000000000000000000/build/src/ipc/glue/MessageChannel.cpp, line 2052
1484382062274	geckodriver	INFO	Listening on 127.0.0.1:50010
1484382064278	mozprofile::profile	INFO	Using profile path C:\Users\zippy\AppData\Local\Temp\rust_mozprofile.0Vir2tuvOJb3
1484382064286	geckodriver::marionette	INFO	Starting browser C:\Program Files (x86)\Mozilla Firefox\firefox.exe
1484382064298	geckodriver::marionette	INFO	Connecting to Marionette on localhost:50016
1484382064912	Marionette	INFO	Listening on port 50016
1484382066104	Marionette	INFO	startBrowser 1a77c26f-f77e-4d1d-8aba-a635c6913774
[Child 7088] ###!!! ABORT: Aborting on channel error.: file c:/builds/moz2_slave/m-rel-w32-00000000000000000000/build/src/ipc/glue/MessageChannel.cpp, line 2052
1484383032917	geckodriver	INFO	Listening on 127.0.0.1:50171
1484383034925	mozprofile::profile	INFO	Using profile path C:\Users\zippy\AppData\Local\Temp\rust_mozprofile.Dmm74bUFjniX
1484383034937	geckodriver::marionette	INFO	Starting browser C:\Program Files (x86)\Mozilla Firefox\firefox.exe
1484383034957	geckodriver::marionette	INFO	Connecting to Marionette on localhost:50177
1484383035698	Marionette	INFO	Listening on port 50177
[Child 5684] WARNING: pipe error: 109: file c:/builds/moz2_slave/m-rel-w32-00000000000000000000/build/src/ipc/chromium/src/chrome/common/ipc_channel_win.cc, line 346
1484383036929	Marionette	INFO	startBrowser 2b4a44f4-4c40-4e9e-b100-2365afa385a7
[Child 8716] ###!!! ABORT: Aborting on channel error.: file c:/builds/moz2_slave/m-rel-w32-00000000000000000000/build/src/ipc/glue/MessageChannel.cpp, line 2052
1484383125072	geckodriver	INFO	Listening on 127.0.0.1:50207
1484383127072	mozprofile::profile	INFO	Using profile path C:\Users\zippy\AppData\Local\Temp\rust_mozprofile.BgC7eU3B58T5
1484383127080	geckodriver::marionette	INFO	Starting browser C:\Program Files (x86)\Mozilla Firefox\firefox.exe
1484383127092	geckodriver::marionette	INFO	Connecting to Marionette on localhost:50213
1484383127833	Marionette	INFO	Listening on port 50213
[Child 8612] WARNING: pipe error: 109: file c:/builds/moz2_slave/m-rel-w32-00000000000000000000/build/src/ipc/chromium/src/chrome/common/ipc_channel_win.cc, line 346
[Child 8612] WARNING: pipe error: 109: file c:/builds/moz2_slave/m-rel-w32-00000000000000000000/build/src/ipc/chromium/src/chrome/common/ipc_channel_win.cc, line 346
1484383129003	Marionette	INFO	startBrowser 4350ecc0-f447-495f-9b02-e3f7b2f57d28

###!!! [Child][MessageChannel] Error: (msgtype=0x400003,name=PCompositable::Msg_Destroy) Channel error: cannot send/recv


###!!! [Child][MessageChannel] Error: (msgtype=0xFA0005,name=PTexture::Msg_Destroy) Channel error: cannot send/recv


###!!! [Child][MessageChannel] Error: (msgtype=0x400003,name=PCompositable::Msg_Destroy) Channel error: cannot send/recv

[GFX1-]: Receive IPC close with reason=AbnormalShutdown
[Child 3704] ###!!! ABORT: Aborting on channel error.: file c:/builds/moz2_slave/m-rel-w32-00000000000000000000/build/src/ipc/glue/MessageChannel.cpp, line 2052
1484383223873	geckodriver	INFO	Listening on 127.0.0.1:50240
1484383225883	mozprofile::profile	INFO	Using profile path C:\Users\zippy\AppData\Local\Temp\rust_mozprofile.El0LtG6ooOx4
1484383225903	geckodriver::marionette	INFO	Starting browser C:\Program Files (x86)\Mozilla Firefox\firefox.exe
1484383225919	geckodriver::marionette	INFO	Connecting to Marionette on localhost:50246
1484383226606	Marionette	INFO	Listening on port 50246
1484383227994	Marionette	INFO	startBrowser 1518b5f1-b067-41f4-9b4e-34442fc86976
[Child 3212] ###!!! ABORT: Aborting on channel error.: file c:/builds/moz2_slave/m-rel-w32-00000000000000000000/build/src/ipc/glue/MessageChannel.cpp, line 2052
1484478696106	geckodriver	INFO	Listening on 127.0.0.1:52016
1484478698095	mozprofile::profile	INFO	Using profile path C:\Users\zippy\AppData\Local\Temp\rust_mozprofile.IOpVPqlC2JmB
1484478698103	geckodriver::marionette	INFO	Starting browser C:\Program Files (x86)\Mozilla Firefox\firefox.exe
1484478698115	geckodriver::marionette	INFO	Connecting to Marionette on localhost:52022
1484478699099	Marionette	INFO	Listening on port 52022
1484478700524	Marionette	INFO	startBrowser 159ce5e0-d31f-44a7-a66c-42b8a79dc12f
[Child 6428] ###!!! ABORT: Aborting on channel error.: file c:/builds/moz2_slave/m-rel-w32-00000000000000000000/build/src/ipc/glue/MessageChannel.cpp, line 2052
1484478847051	geckodriver	INFO	Listening on 127.0.0.1:52050
1484478849055	mozprofile::profile	INFO	Using profile path C:\Users\zippy\AppData\Local\Temp\rust_mozprofile.eioHxoJBHUVp
1484478849071	geckodriver::marionette	INFO	Starting browser C:\Program Files (x86)\Mozilla Firefox\firefox.exe
1484478849087	geckodriver::marionette	INFO	Connecting to Marionette on localhost:52056
1484478849709	Marionette	INFO	Listening on port 52056
1484478850818	Marionette	INFO	startBrowser 7616ece6-e7c2-4c22-89e9-0d6f4b9d72aa
[Child 7952] ###!!! ABORT: Aborting on channel error.: file c:/builds/moz2_slave/m-rel-w32-00000000000000000000/build/src/ipc/glue/MessageChannel.cpp, line 2052
1484479182342	geckodriver	INFO	Listening on 127.0.0.1:52101
1484479184346	mozprofile::profile	INFO	Using profile path C:\Users\zippy\AppData\Local\Temp\rust_mozprofile.xoBWp5JRWqzu
1484479184362	geckodriver::marionette	INFO	Starting browser C:\Program Files (x86)\Mozilla Firefox\firefox.exe
1484479184378	geckodriver::marionette	INFO	Connecting to Marionette on localhost:52107
1484479185015	Marionette	INFO	Listening on port 52107
1484479186211	Marionette	INFO	startBrowser 5aa8a34b-8d3a-41d0-a472-698f73e82f81
[Child 6872] ###!!! ABORT: Aborting on channel error.: file c:/builds/moz2_slave/m-rel-w32-00000000000000000000/build/src/ipc/glue/MessageChannel.cpp, line 2052
1484479213609	geckodriver	INFO	Listening on 127.0.0.1:52131
1484479215601	mozprofile::profile	INFO	Using profile path C:\Users\zippy\AppData\Local\Temp\rust_mozprofile.Ws3b5gEAawCY
1484479215613	geckodriver::marionette	INFO	Starting browser C:\Program Files (x86)\Mozilla Firefox\firefox.exe
1484479215629	geckodriver::marionette	INFO	Connecting to Marionette on localhost:52137
1484479216313	Marionette	INFO	Listening on port 52137
[Child 10888] WARNING: pipe error: 109: file c:/builds/moz2_slave/m-rel-w32-00000000000000000000/build/src/ipc/chromium/src/chrome/common/ipc_channel_win.cc, line 346
[Child 10888] WARNING: pipe error: 109: file c:/builds/moz2_slave/m-rel-w32-00000000000000000000/build/src/ipc/chromium/src/chrome/common/ipc_channel_win.cc, line 346
1484479217423	Marionette	INFO	startBrowser c2448017-2778-4afa-a7ef-f1fd4ed19a9d
[Child 3104] ###!!! ABORT: Aborting on channel error.: file c:/builds/moz2_slave/m-rel-w32-00000000000000000000/build/src/ipc/glue/MessageChannel.cpp, line 2052
1484479267296	geckodriver	INFO	Listening on 127.0.0.1:52167
1484479269317	mozprofile::profile	INFO	Using profile path C:\Users\zippy\AppData\Local\Temp\rust_mozprofile.rZm0woY4E4wZ
1484479269329	geckodriver::marionette	INFO	Starting browser C:\Program Files (x86)\Mozilla Firefox\firefox.exe
1484479269345	geckodriver::marionette	INFO	Connecting to Marionette on localhost:52173
1484479270184	Marionette	INFO	Listening on port 52173
1484479271489	Marionette	INFO	startBrowser b837f2a4-0152-40bd-9a9a-9ca6ee166e33
[Child 7896] ###!!! ABORT: Aborting on channel error.: file c:/builds/moz2_slave/m-rel-w32-00000000000000000000/build/src/ipc/glue/MessageChannel.cpp, line 2052
1484479375620	geckodriver	INFO	Listening on 127.0.0.1:52203
1484479377624	mozprofile::profile	INFO	Using profile path C:\Users\zippy\AppData\Local\Temp\rust_mozprofile.dGPUcln05bit
1484479377636	geckodriver::marionette	INFO	Starting browser C:\Program Files (x86)\Mozilla Firefox\firefox.exe
1484479377652	geckodriver::marionette	INFO	Connecting to Marionette on localhost:52209
1484479378432	Marionette	INFO	Listening on port 52209
[Child 1708] WARNING: pipe error: 109: file c:/builds/moz2_slave/m-rel-w32-00000000000000000000/build/src/ipc/chromium/src/chrome/common/ipc_channel_win.cc, line 346
[Child 1708] WARNING: pipe error: 109: file c:/builds/moz2_slave/m-rel-w32-00000000000000000000/build/src/ipc/chromium/src/chrome/common/ipc_channel_win.cc, line 346
1484479379800	Marionette	INFO	startBrowser c26d6342-5976-46cc-b376-0b42f22ca8f2
[Child 5980] ###!!! ABORT: Aborting on channel error.: file c:/builds/moz2_slave/m-rel-w32-00000000000000000000/build/src/ipc/glue/MessageChannel.cpp, line 2052
1484479420989	geckodriver	INFO	Listening on 127.0.0.1:52233
1484479422999	mozprofile::profile	INFO	Using profile path C:\Users\zippy\AppData\Local\Temp\rust_mozprofile.JHs1kOeSVOre
1484479423011	geckodriver::marionette	INFO	Starting browser C:\Program Files (x86)\Mozilla Firefox\firefox.exe
1484479423027	geckodriver::marionette	INFO	Connecting to Marionette on localhost:52239
1484479423845	Marionette	INFO	Listening on port 52239
1484479424963	Marionette	INFO	startBrowser 8ee350cc-f80a-406f-8b9e-b77d4964e9e4

###!!! [Child][MessageChannel] Error: (msgtype=0x400003,name=PCompositable::Msg_Destroy) Channel error: cannot send/recv


###!!! [Child][MessageChannel] Error: (msgtype=0xFA0005,name=PTexture::Msg_Destroy) Channel error: cannot send/recv


###!!! [Child][MessageChannel] Error: (msgtype=0x400003,name=PCompositable::Msg_Destroy) Channel error: cannot send/recv

[GFX1-]: Receive IPC close with reason=AbnormalShutdown
[Child 8204] ###!!! ABORT: Aborting on channel error.: file c:/builds/moz2_slave/m-rel-w32-00000000000000000000/build/src/ipc/glue/MessageChannel.cpp, line 2052
1484479458036	geckodriver	INFO	Listening on 127.0.0.1:52267
1484479460040	mozprofile::profile	INFO	Using profile path C:\Users\zippy\AppData\Local\Temp\rust_mozprofile.FwbKFCrKsHOH
1484479460056	geckodriver::marionette	INFO	Starting browser C:\Program Files (x86)\Mozilla Firefox\firefox.exe
1484479460072	geckodriver::marionette	INFO	Connecting to Marionette on localhost:52273
1484479460716	Marionette	INFO	Listening on port 52273
[Child 472] WARNING: pipe error: 109: file c:/builds/moz2_slave/m-rel-w32-00000000000000000000/build/src/ipc/chromium/src/chrome/common/ipc_channel_win.cc, line 346
[Child 472] WARNING: pipe error: 109: file c:/builds/moz2_slave/m-rel-w32-00000000000000000000/build/src/ipc/chromium/src/chrome/common/ipc_channel_win.cc, line 346
1484479461827	Marionette	INFO	startBrowser 567eeef7-140e-453d-bb01-4222a549b549
[Child 6488] ###!!! ABORT: Aborting on channel error.: file c:/builds/moz2_slave/m-rel-w32-00000000000000000000/build/src/ipc/glue/MessageChannel.cpp, line 2052
1484479829537	geckodriver	INFO	Listening on 127.0.0.1:52302
1484479831541	mozprofile::profile	INFO	Using profile path C:\Users\zippy\AppData\Local\Temp\rust_mozprofile.Ulon3rP1rLjY
1484479831553	geckodriver::marionette	INFO	Starting browser C:\Program Files (x86)\Mozilla Firefox\firefox.exe
1484479831569	geckodriver::marionette	INFO	Connecting to Marionette on localhost:52308
1484479832431	Marionette	INFO	Listening on port 52308
[Child 6620] WARNING: pipe error: 109: file c:/builds/moz2_slave/m-rel-w32-00000000000000000000/build/src/ipc/chromium/src/chrome/common/ipc_channel_win.cc, line 346
[Child 6620] WARNING: pipe error: 109: file c:/builds/moz2_slave/m-rel-w32-00000000000000000000/build/src/ipc/chromium/src/chrome/common/ipc_channel_win.cc, line 346
1484479833831	Marionette	INFO	startBrowser d6235adb-d0b5-49c0-aa7a-80738ab35188
[Child 8180] ###!!! ABORT: Aborting on channel error.: file c:/builds/moz2_slave/m-rel-w32-00000000000000000000/build/src/ipc/glue/MessageChannel.cpp, line 2052
1484479950120	geckodriver	INFO	Listening on 127.0.0.1:52341
1484479952132	mozprofile::profile	INFO	Using profile path C:\Users\zippy\AppData\Local\Temp\rust_mozprofile.BTxQACU0Fzb8
1484479952140	geckodriver::marionette	INFO	Starting browser C:\Program Files (x86)\Mozilla Firefox\firefox.exe
1484479952148	geckodriver::marionette	INFO	Connecting to Marionette on localhost:52347
1484479952869	Marionette	INFO	Listening on port 52347
1484479954312	Marionette	INFO	startBrowser b7f263e7-e600-44d8-8ed0-d020bffa4943
[Child 5248] ###!!! ABORT: Aborting on channel error.: file c:/builds/moz2_slave/m-rel-w32-00000000000000000000/build/src/ipc/glue/MessageChannel.cpp, line 2052
1484479968201	geckodriver	INFO	Listening on 127.0.0.1:52380
1484479970201	mozprofile::profile	INFO	Using profile path C:\Users\zippy\AppData\Local\Temp\rust_mozprofile.3glMHh331FEG
1484479970213	geckodriver::marionette	INFO	Starting browser C:\Program Files (x86)\Mozilla Firefox\firefox.exe
1484479970221	geckodriver::marionette	INFO	Connecting to Marionette on localhost:52386
1484479971016	Marionette	INFO	Listening on port 52386
[Child 3104] WARNING: pipe error: 109: file c:/builds/moz2_slave/m-rel-w32-00000000000000000000/build/src/ipc/chromium/src/chrome/common/ipc_channel_win.cc, line 346
1484479972272	Marionette	INFO	startBrowser 7dbc4906-5a0a-45c7-9748-c448fa4a1237
[Child 9296] ###!!! ABORT: Aborting on channel error.: file c:/builds/moz2_slave/m-rel-w32-00000000000000000000/build/src/ipc/glue/MessageChannel.cpp, line 2052
